Flutter crash report.
Please report a bug at https://github.com/flutter/flutter/issues.

## command

flutter assemble --no-version-check --output=build -dTargetPlatform=windows-x64 -dTrackWidgetCreation=true -dBuildMode=debug -dTargetFile=lib\main.dart -dTreeShakeIcons="false" -dDartObfuscation=false debug_bundle_windows-x64_assets

## exception

PathAccessException: PathAccessException: Cannot delete file, path = 'D:\chitfund\chit_fund_flutter\windows\flutter\ephemeral\flutter_windows.h' (OS Error: The process cannot access the file because it is being used by another process.
, errno = 32)

```
#0      _File.throwIfError (dart:io/file_impl.dart:782:7)
#1      _File._deleteSync (dart:io/file_impl.dart:367:5)
#2      FileSystemEntity.deleteSync (dart:io/file_system_entity.dart:425:7)
#3      ForwardingFileSystemEntity.deleteSync (package:file/src/forwarding/forwarding_file_system_entity.dart:70:16)
#4      ForwardingFileSystemEntity.deleteSync (package:file/src/forwarding/forwarding_file_system_entity.dart:70:16)
#5      ErrorHandlingFileSystem.deleteIfExists (package:flutter_tools/src/base/error_handling_io.dart:90:14)
#6      FlutterBuildSystem.trackSharedBuildDirectory (package:flutter_tools/src/build_system/build_system.dart:780:33)
#7      FlutterBuildSystem.build (package:flutter_tools/src/build_system/build_system.dart:661:5)
<asynchronous suspension>
#8      AssembleCommand.runCommand (package:flutter_tools/src/commands/assemble.dart:354:32)
<asynchronous suspension>
#9      FlutterCommand.run.<anonymous closure> (package:flutter_tools/src/runner/flutter_command.dart:1558:27)
<asynchronous suspension>
#10     AppContext.run.<anonymous closure> (package:flutter_tools/src/base/context.dart:154:19)
<asynchronous suspension>
#11     CommandRunner.runCommand (package:args/command_runner.dart:212:13)
<asynchronous suspension>
#12     FlutterCommandRunner.runCommand.<anonymous closure> (package:flutter_tools/src/runner/flutter_command_runner.dart:496:9)
<asynchronous suspension>
#13     AppContext.run.<anonymous closure> (package:flutter_tools/src/base/context.dart:154:19)
<asynchronous suspension>
#14     FlutterCommandRunner.runCommand (package:flutter_tools/src/runner/flutter_command_runner.dart:431:5)
<asynchronous suspension>
#15     run.<anonymous closure>.<anonymous closure> (package:flutter_tools/runner.dart:98:11)
<asynchronous suspension>
#16     AppContext.run.<anonymous closure> (package:flutter_tools/src/base/context.dart:154:19)
<asynchronous suspension>
#17     main (package:flutter_tools/executable.dart:99:3)
<asynchronous suspension>
```

## flutter doctor

```
[✓] Flutter (Channel stable, 3.29.3, on Microsoft Windows [Version 10.0.26200.5600], locale en-IN) [618ms]
    • Flutter version 3.29.3 on channel stable at C:\Users\2k3sa\dev\flutter
    • Upstream repository https://github.com/flutter/flutter.git
    • Framework revision ea121f8859 (5 weeks ago), 2025-04-11 19:10:07 +0000
    • Engine revision cf56914b32
    • Dart version 3.7.2
    • DevTools version 2.42.3

[✓] Windows Version (11 Home Insider Preview Single Language 64-bit, 24H2, 2009) [4.1s]

[✓] Android toolchain - develop for Android devices (Android SDK version 35.0.1) [10.8s]
    • Android SDK at C:\Users\2k3sa\AppData\Local\Android\Sdk
    • Platform android-35, build-tools 35.0.1
    • Java binary at: C:\Program Files\Android\Android Studio\jbr\bin\java
      This is the JDK bundled with the latest Android Studio installation on this machine.
      To manually set the JDK path, use: `flutter config --jdk-dir="path/to/jdk"`.
    • Java version OpenJDK Runtime Environment (build 21.0.6+-13368085-b895.109)
    • All Android licenses accepted.

[✗] Chrome - develop for the web (Cannot find Chrome executable at .\Google\Chrome\Application\chrome.exe) [189ms]
    ! Cannot find Chrome. Try setting CHROME_EXECUTABLE to a Chrome executable.

[✓] Visual Studio - develop Windows apps (Visual Studio Build Tools 2022 17.13.6) [187ms]
    • Visual Studio at C:\Program Files (x86)\Microsoft Visual Studio\2022\BuildTools
    • Visual Studio Build Tools 2022 version 17.13.35931.197
    • Windows 10 SDK version 10.0.26100.0

[✓] Android Studio (version 2024.3.2) [30ms]
    • Android Studio at C:\Program Files\Android\Android Studio
    • Flutter plugin can be installed from:
      🔨 https://plugins.jetbrains.com/plugin/9212-flutter
    • Dart plugin can be installed from:
      🔨 https://plugins.jetbrains.com/plugin/6351-dart
    • Java version OpenJDK Runtime Environment (build 21.0.6+-13368085-b895.109)

[✓] VS Code (version 1.100.0) [28ms]
    • VS Code at C:\Users\2k3sa\AppData\Local\Programs\Microsoft VS Code
    • Flutter extension can be installed from:
      🔨 https://marketplace.visualstudio.com/items?itemName=Dart-Code.flutter

[✓] VS Code (version 1.101.0-insider) [28ms]
    • VS Code at C:\Users\2k3sa\AppData\Local\Programs\Microsoft VS Code Insiders
    • Flutter extension can be installed from:
      🔨 https://marketplace.visualstudio.com/items?itemName=Dart-Code.flutter

[✓] Connected device (2 available) [156ms]
    • Windows (desktop) • windows • windows-x64    • Microsoft Windows [Version 10.0.26200.5600]
    • Edge (web)        • edge    • web-javascript • Microsoft Edge 137.0.3296.16

[✓] Network resources [3.0s]
    • All expected network resources are available.

! Doctor found issues in 1 category.
```
